<?xml version="1.0" encoding="UTF-8"?>
<!-- Generated by org.testng.reporters.JUnitReportReporter -->
<testsuite hostname="Varuns-MacBook-Pro.local" name="gapp.model.dao.DepartmentsDaoTest" tests="2" failures="0" timestamp="2 Feb 2016 02:37:39 GMT" time="0.218" errors="0">
  <testcase name="getDepartment" time="0.160" classname="gapp.model.dao.DepartmentsDaoTest"/>
  <testcase name="getDepartmentName" time="0.058" classname="gapp.model.dao.DepartmentsDaoTest"/>
</testsuite> <!-- gapp.model.dao.DepartmentsDaoTest -->
