<?xml version="1.0" encoding="UTF-8"?>
<!-- Generated by org.testng.reporters.JUnitReportReporter -->
<testsuite hostname="Varuns-MacBook-Pro.local" name="gapp.model.dao.UserDaoTest" tests="1" failures="0" timestamp="2 Feb 2016 02:37:39 GMT" time="0.033" errors="0">
  <testcase name="getApplication" time="0.033" classname="gapp.model.dao.UserDaoTest"/>
</testsuite> <!-- gapp.model.dao.UserDaoTest -->
